<?xml version="1.0" encoding="UTF-8"?>
<!-- Generated by org.testng.reporters.JUnitReportReporter -->
<testsuite skipped="0" hostname="DT635" name="QuestionNo3.Elearning" tests="3" failures="0" timestamp="28 Nov 2018 09:23:46 GMT" time="10.179" errors="0">
  <testcase name="loginTest" time="3.004" classname="QuestionNo3.Elearning"/>
  <testcase name="playVideo" time="6.076" classname="QuestionNo3.Elearning"/>
  <testcase name="logOut" time="1.099" classname="QuestionNo3.Elearning"/>
</testsuite> <!-- QuestionNo3.Elearning -->
