<?xml version="1.0" encoding="UTF-8"?>
<!-- Generated by org.testng.reporters.JUnitReportReporter -->
<testsuite skipped="0" hostname="DT635" name="com.qa.wordpresstestcases.SignUpPagetestcase" tests="2" failures="0" timestamp="05 Dec 2018 09:14:21 GMT" time="93.588" errors="0">
  <testcase name="loginclick" time="9.065" classname="com.qa.wordpresstestcases.SignUpPagetestcase"/>
  <testcase name="testsignup" time="84.523" classname="com.qa.wordpresstestcases.SignUpPagetestcase"/>
</testsuite> <!-- com.qa.wordpresstestcases.SignUpPagetestcase -->
