<?xml version="1.0" encoding="UTF-8"?>
<!-- Generated by org.testng.reporters.JUnitReportReporter -->
<testsuite hostname="DT559" name="com.magneto.testcases.productpagetestcase" tests="1" failures="0" timestamp="4 Dec 2018 10:10:04 GMT" time="43.866" errors="0">
  <testcase name="tetnavigatetologin_or_signup" time="43.866" classname="com.magneto.testcases.productpagetestcase"/>
</testsuite> <!-- com.magneto.testcases.productpagetestcase -->
