<?xml version="1.0" encoding="UTF-8"?>
<!-- Generated by org.testng.reporters.JUnitReportReporter -->
<testsuite hostname="DT559" name="com.qa.bmicalculatortestcases.Loginpagetest" tests="1" failures="0" timestamp="4 Dec 2018 10:10:41 GMT" time="8.685" errors="0">
  <testcase name="testlogin" time="8.685" classname="com.qa.bmicalculatortestcases.Loginpagetest"/>
</testsuite> <!-- com.qa.bmicalculatortestcases.Loginpagetest -->
