<?xml version="1.0" encoding="UTF-8"?>
<!-- Generated by org.testng.reporters.JUnitReportReporter -->
<testsuite hostname="DT559" name="com.qa.wordpresstestcases.Loginpagetestcase" tests="1" failures="0" timestamp="4 Dec 2018 10:18:42 GMT" time="13.315" errors="0">
  <testcase name="login" time="13.315" classname="com.qa.wordpresstestcases.Loginpagetestcase"/>
</testsuite> <!-- com.qa.wordpresstestcases.Loginpagetestcase -->
