<?xml version="1.0" encoding="UTF-8"?>
<!-- Generated by org.testng.reporters.JUnitReportReporter -->
<testsuite hostname="DT559" name="com.qa.bmicalculatortestcases.BMIcalculatortest" tests="1" failures="0" timestamp="4 Dec 2018 10:10:25 GMT" time="9.611" errors="0">
  <testcase name="testbmicalculator" time="9.611" classname="com.qa.bmicalculatortestcases.BMIcalculatortest"/>
</testsuite> <!-- com.qa.bmicalculatortestcases.BMIcalculatortest -->
