<?xml version="1.0" encoding="UTF-8"?>
<!-- Generated by org.testng.reporters.JUnitReportReporter -->
<testsuite skipped="0" hostname="DT635" name="com.magneto.testcases.Homepagetest" tests="1" failures="0" timestamp="06 Dec 2018 06:30:45 GMT" time="158.466" errors="0">
  <testcase name="testnavigatetomanageforums" time="158.466" classname="com.magneto.testcases.Homepagetest"/>
</testsuite> <!-- com.magneto.testcases.Homepagetest -->
