<?xml version="1.0" encoding="UTF-8"?>
<!-- Generated by org.testng.reporters.JUnitReportReporter -->
<testsuite hostname="DT559" name="com.qa.wordpresstestcases.Manageposttestcase" tests="4" failures="0" timestamp="4 Dec 2018 11:12:13 GMT" time="431.112" errors="0">
  <testcase name="publishpost" time="104.385" classname="com.qa.wordpresstestcases.Manageposttestcase"/>
  <testcase name="deletetest" time="170.406" classname="com.qa.wordpresstestcases.Manageposttestcase"/>
  <testcase name="editpost" time="78.256" classname="com.qa.wordpresstestcases.Manageposttestcase"/>
  <testcase name="counttest" time="78.065" classname="com.qa.wordpresstestcases.Manageposttestcase"/>
</testsuite> <!-- com.qa.wordpresstestcases.Manageposttestcase -->
