<?xml version="1.0" encoding="UTF-8"?>
<!-- Generated by org.testng.reporters.JUnitReportReporter -->
<testsuite skipped="0" hostname="DT635" name="com.qa.wordpresstestcases.Homepagetest" tests="2" failures="0" timestamp="05 Dec 2018 09:26:07 GMT" time="149.183" errors="0">
  <testcase name="mangepostredirectiontest" time="77.500" classname="com.qa.wordpresstestcases.Homepagetest"/>
  <testcase name="logouttest" time="71.683" classname="com.qa.wordpresstestcases.Homepagetest"/>
</testsuite> <!-- com.qa.wordpresstestcases.Homepagetest -->
